[ 2015-10-21T09:56:40+08:00 ] 127.0.0.1 /Article/index
INFO: [ app_init ] --START--
INFO: Run Behavior\BuildLiteBehavior [ RunTime:0.000045s ]
INFO: [ app_init ] --END-- [ RunTime:0.001894s ]
INFO: [ app_begin ] --START--
INFO: Run Behavior\ReadHtmlCacheBehavior [ RunTime:0.000831s ]
INFO: [ app_begin ] --END-- [ RunTime:0.000916s ]
SQL: SHOW COLUMNS FROM `cns_service` [ RunTime:0.0819s ]
SQL: SELECT `id`,`name` FROM `cns_service` LIMIT 8   [ RunTime:0.0622s ]
SQL: SHOW COLUMNS FROM `cns_article` [ RunTime:0.0684s ]
SQL: SELECT COUNT(*) AS tp_count FROM `cns_article` WHERE `type` = 1 LIMIT 1   [ RunTime:0.0655s ]
SQL: SELECT `id`,`title`,`desc`,`thumb`,`create_at` FROM `cns_article` WHERE `type` = 1 ORDER BY sort, id desc LIMIT 0,15   [ RunTime:0.0647s ]
INFO: [ view_parse ] --START--
INFO: [ template_filter ] --START--
INFO: Run Behavior\ContentReplaceBehavior [ RunTime:0.000030s ]
INFO: [ template_filter ] --END-- [ RunTime:0.000080s ]
NOTIC: [8] Use of undefined constant Y - assumed 'Y' /Users/yuwei/www/snqnzs/Application/Runtime/Cache/Home/2ac6c1276904b87404ed678dbabb985c.php 第 57 行.
NOTIC: [8] Use of undefined constant m - assumed 'm' /Users/yuwei/www/snqnzs/Application/Runtime/Cache/Home/2ac6c1276904b87404ed678dbabb985c.php 第 57 行.
NOTIC: [2] Division by zero /Users/yuwei/www/snqnzs/Application/Runtime/Cache/Home/2ac6c1276904b87404ed678dbabb985c.php 第 57 行.
NOTIC: [8] Use of undefined constant d - assumed 'd' /Users/yuwei/www/snqnzs/Application/Runtime/Cache/Home/2ac6c1276904b87404ed678dbabb985c.php 第 57 行.
NOTIC: [2] Division by zero /Users/yuwei/www/snqnzs/Application/Runtime/Cache/Home/2ac6c1276904b87404ed678dbabb985c.php 第 57 行.
NOTIC: [8] Use of undefined constant Y - assumed 'Y' /Users/yuwei/www/snqnzs/Application/Runtime/Cache/Home/2ac6c1276904b87404ed678dbabb985c.php 第 57 行.
NOTIC: [8] Use of undefined constant m - assumed 'm' /Users/yuwei/www/snqnzs/Application/Runtime/Cache/Home/2ac6c1276904b87404ed678dbabb985c.php 第 57 行.
NOTIC: [2] Division by zero /Users/yuwei/www/snqnzs/Application/Runtime/Cache/Home/2ac6c1276904b87404ed678dbabb985c.php 第 57 行.
NOTIC: [8] Use of undefined constant d - assumed 'd' /Users/yuwei/www/snqnzs/Application/Runtime/Cache/Home/2ac6c1276904b87404ed678dbabb985c.php 第 57 行.
NOTIC: [2] Division by zero /Users/yuwei/www/snqnzs/Application/Runtime/Cache/Home/2ac6c1276904b87404ed678dbabb985c.php 第 57 行.
NOTIC: [8] Use of undefined constant Y - assumed 'Y' /Users/yuwei/www/snqnzs/Application/Runtime/Cache/Home/2ac6c1276904b87404ed678dbabb985c.php 第 57 行.
NOTIC: [8] Use of undefined constant m - assumed 'm' /Users/yuwei/www/snqnzs/Application/Runtime/Cache/Home/2ac6c1276904b87404ed678dbabb985c.php 第 57 行.
NOTIC: [2] Division by zero /Users/yuwei/www/snqnzs/Application/Runtime/Cache/Home/2ac6c1276904b87404ed678dbabb985c.php 第 57 行.
NOTIC: [8] Use of undefined constant d - assumed 'd' /Users/yuwei/www/snqnzs/Application/Runtime/Cache/Home/2ac6c1276904b87404ed678dbabb985c.php 第 57 行.
NOTIC: [2] Division by zero /Users/yuwei/www/snqnzs/Application/Runtime/Cache/Home/2ac6c1276904b87404ed678dbabb985c.php 第 57 行.
NOTIC: [8] Use of undefined constant Y - assumed 'Y' /Users/yuwei/www/snqnzs/Application/Runtime/Cache/Home/2ac6c1276904b87404ed678dbabb985c.php 第 57 行.
NOTIC: [8] Use of undefined constant m - assumed 'm' /Users/yuwei/www/snqnzs/Application/Runtime/Cache/Home/2ac6c1276904b87404ed678dbabb985c.php 第 57 行.
NOTIC: [2] Division by zero /Users/yuwei/www/snqnzs/Application/Runtime/Cache/Home/2ac6c1276904b87404ed678dbabb985c.php 第 57 行.
NOTIC: [8] Use of undefined constant d - assumed 'd' /Users/yuwei/www/snqnzs/Application/Runtime/Cache/Home/2ac6c1276904b87404ed678dbabb985c.php 第 57 行.
NOTIC: [2] Division by zero /Users/yuwei/www/snqnzs/Application/Runtime/Cache/Home/2ac6c1276904b87404ed678dbabb985c.php 第 57 行.
NOTIC: [8] Use of undefined constant Y - assumed 'Y' /Users/yuwei/www/snqnzs/Application/Runtime/Cache/Home/2ac6c1276904b87404ed678dbabb985c.php 第 57 行.
NOTIC: [8] Use of undefined constant m - assumed 'm' /Users/yuwei/www/snqnzs/Application/Runtime/Cache/Home/2ac6c1276904b87404ed678dbabb985c.php 第 57 行.
NOTIC: [2] Division by zero /Users/yuwei/www/snqnzs/Application/Runtime/Cache/Home/2ac6c1276904b87404ed678dbabb985c.php 第 57 行.
NOTIC: [8] Use of undefined constant d - assumed 'd' /Users/yuwei/www/snqnzs/Application/Runtime/Cache/Home/2ac6c1276904b87404ed678dbabb985c.php 第 57 行.
NOTIC: [2] Division by zero /Users/yuwei/www/snqnzs/Application/Runtime/Cache/Home/2ac6c1276904b87404ed678dbabb985c.php 第 57 行.
INFO: Run Behavior\ParseTemplateBehavior [ RunTime:0.014168s ]
INFO: [ view_parse ] --END-- [ RunTime:0.014232s ]
INFO: [ view_filter ] --START--
INFO: Run Behavior\WriteHtmlCacheBehavior [ RunTime:0.000489s ]
INFO: [ view_filter ] --END-- [ RunTime:0.000528s ]
INFO: [ app_end ] --START--
INFO: Run Behavior\ShowPageTraceBehavior [ RunTime:0.000674s ]
INFO: [ app_end ] --END-- [ RunTime:0.000711s ]

[ 2015-10-21T09:56:40+08:00 ] 127.0.0.1 /Upload/article/201510/thumb5624e6ee8ec82.jpg
INFO: [ app_init ] --START--
INFO: Run Behavior\BuildLiteBehavior [ RunTime:0.000013s ]
INFO: [ app_init ] --END-- [ RunTime:0.000274s ]

[ 2015-10-21T09:56:40+08:00 ] 127.0.0.1 /Upload/article/201510/thumb5625c1281f0c1.jpg
INFO: [ app_init ] --START--
INFO: Run Behavior\BuildLiteBehavior [ RunTime:0.000034s ]
INFO: [ app_init ] --END-- [ RunTime:0.000829s ]

[ 2015-10-21T09:56:40+08:00 ] 127.0.0.1 /Upload/article/201510/thumb5624e6c3d2ce0.jpg
INFO: [ app_init ] --START--
INFO: Run Behavior\BuildLiteBehavior [ RunTime:0.000023s ]
INFO: [ app_init ] --END-- [ RunTime:0.000423s ]

[ 2015-10-21T09:56:40+08:00 ] 127.0.0.1 /Upload/article/201510/thumb5624e6d67f259.jpg
INFO: [ app_init ] --START--
INFO: Run Behavior\BuildLiteBehavior [ RunTime:0.000016s ]
INFO: [ app_init ] --END-- [ RunTime:0.000301s ]

[ 2015-10-21T09:56:40+08:00 ] 127.0.0.1 /Upload/article/201510/thumb5624e6e2f110b.jpg
INFO: [ app_init ] --START--
INFO: Run Behavior\BuildLiteBehavior [ RunTime:0.000018s ]
INFO: [ app_init ] --END-- [ RunTime:0.000571s ]

